<?xml version="1.0" encoding="utf-8"?><testsuites name="pytest tests"><testsuite name="pytest" errors="0" failures="0" skipped="0" tests="52" time="2955.888" timestamp="2026-07-02T22:29:43.545416+00:00" hostname="55e1f648bb83"><testcase classname="tests.test_parallel.TestParallelCorrectness" name="test_parallel_equals_sequential" time="0.062" /><testcase classname="tests.test_parallel.TestParallelCorrectness" name="test_parallel_different_k_values" time="0.038" /><testcase classname="tests.test_parallel.TestParallelCorrectness" name="test_parallel_deterministic" time="0.024" /><testcase classname="tests.test_onnx" name="test_onnx_conversion_and_parity" time="0.780" /><testcase classname="tests.test_feature_kernel" name="test_golden_v2[legacy]" time="0.157" /><testcase classname="tests.test_feature_kernel" name="test_golden_v2[fast]" time="0.424" /><testcase classname="tests.test_feature_kernel" name="test_golden_v2[fast_marisa]" time="0.194" /><testcase classname="tests.test_feature_kernel" name="test_legacy_equals_fast_random_10k[fast]" time="1.151" /><testcase classname="tests.test_feature_kernel" name="test_legacy_equals_fast_random_10k[fast_marisa]" time="1.262" /><testcase classname="tests.test_feature_kernel" name="test_rule_corners_small_dicts[dictionary0-fast]" time="0.001" /><testcase classname="tests.test_feature_kernel" name="test_rule_corners_small_dicts[dictionary0-fast_marisa]" time="0.001" /><testcase classname="tests.test_feature_kernel" name="test_rule_corners_small_dicts[dictionary1-fast]" time="0.001" /><testcase classname="tests.test_feature_kernel" name="test_rule_corners_small_dicts[dictionary1-fast_marisa]" time="0.001" /><testcase classname="tests.test_feature_kernel" name="test_rule_corners_small_dicts[dictionary2-fast]" time="0.001" /><testcase classname="tests.test_feature_kernel" name="test_rule_corners_small_dicts[dictionary2-fast_marisa]" time="0.001" /><testcase classname="tests.test_feature_kernel" name="test_rule_corners_small_dicts[dictionary3-fast]" time="0.000" /><testcase classname="tests.test_feature_kernel" name="test_rule_corners_small_dicts[dictionary3-fast_marisa]" time="0.000" /><testcase classname="tests.test_feature_kernel" name="test_dict_kernel_handle_parity[fast]" time="0.450" /><testcase classname="tests.test_feature_kernel" name="test_dict_kernel_handle_parity[fast_marisa]" time="0.174" /><testcase classname="tests.test_feature_kernel" name="test_marisa_mmap_matches_set_build" time="0.045" /><testcase classname="tests.test_feature_kernel" name="test_serving_resources_returns_kernel" time="0.503" /><testcase classname="tests.test_feature_kernel" name="test_dict_kernel_mode_mismatch_raises" time="0.001" /><testcase classname="tests.test_feature_kernel" name="test_shm_path_with_automaton_block" time="2947.646" /><testcase classname="tests.test_feature_kernel" name="test_extract_features_vector_parity[fast]" time="0.014" /><testcase classname="tests.test_feature_kernel" name="test_extract_features_vector_parity[fast_marisa]" time="0.005" /><testcase classname="tests.test_features.TestLength" name="test_simple" time="0.002" /><testcase classname="tests.test_features.TestLength" name="test_empty" time="0.001" /><testcase classname="tests.test_features.TestLength" name="test_long_domain" time="0.001" /><testcase classname="tests.test_features.TestNumericalRatio" name="test_no_digits" time="0.000" /><testcase classname="tests.test_features.TestNumericalRatio" name="test_all_digits" time="0.000" /><testcase classname="tests.test_features.TestNumericalRatio" name="test_mixed" time="0.000" /><testcase classname="tests.test_features.TestNumericalRatio" name="test_empty" time="0.000" /><testcase classname="tests.test_features.TestMeaningfulWordRatio" name="test_fully_meaningful" time="0.001" /><testcase classname="tests.test_features.TestMeaningfulWordRatio" name="test_no_meaningful" time="0.259" /><testcase classname="tests.test_features.TestMeaningfulWordRatio" name="test_partial" time="0.001" /><testcase classname="tests.test_features.TestPronounceability" name="test_pronounceable" time="0.001" /><testcase classname="tests.test_features.TestPronounceability" name="test_unpronounceable" time="0.001" /><testcase classname="tests.test_features.TestLMSPercentage" name="test_full_match" time="0.009" /><testcase classname="tests.test_features.TestLMSPercentage" name="test_no_match" time="0.001" /><testcase classname="tests.test_features.TestLMSPercentage" name="test_partial_match" time="0.000" /><testcase classname="tests.test_features.TestLevenshtein" name="test_identical" time="0.005" /><testcase classname="tests.test_features.TestLevenshtein" name="test_one_edit" time="0.006" /><testcase classname="tests.test_features.TestLevenshtein" name="test_completely_different" time="0.002" /><testcase classname="tests.test_features.TestLevenshtein" name="test_empty_strings" time="0.000" /><testcase classname="tests.test_features.TestExtractFeatures" name="test_output_shape" time="0.001" /><testcase classname="tests.test_features.TestExtractFeatures" name="test_no_nan" time="0.010" /><testcase classname="tests.test_boundary.TestOverlappingChunks" name="test_chunk_count" time="0.001" /><testcase classname="tests.test_boundary.TestOverlappingChunks" name="test_first_chunk_no_context" time="0.000" /><testcase classname="tests.test_boundary.TestOverlappingChunks" name="test_subsequent_chunks_have_context" time="0.000" /><testcase classname="tests.test_boundary.TestOverlappingChunks" name="test_context_is_last_of_previous" time="0.000" /><testcase classname="tests.test_boundary.TestOverlappingChunks" name="test_no_domain_loss" time="0.001" /><testcase classname="tests.test_boundary.TestOverlappingChunks" name="test_levenshtein_boundary_correctness" time="0.182" /></testsuite></testsuites>